cl : wiersz polecenia  warning D9035: Opcja "Gm" jest przestarzała i będzie usunięta w przyszłych wydaniach
  objects.cpp
C:\Users\Piotr\6sem\wzr\lab1\wzr26_1a\objects.cpp(38,11): warning C4305: "=": obcięcie z "double" do "float"
C:\Users\Piotr\6sem\wzr\lab1\wzr26_1a\objects.cpp(41,19): warning C4305: "=": obcięcie z "double" do "float"
C:\Users\Piotr\6sem\wzr\lab1\wzr26_1a\objects.cpp(49,56): warning C4305: "argument": obcięcie z "double" do "float"
C:\Users\Piotr\6sem\wzr\lab1\wzr26_1a\objects.cpp(76,22): warning C4305: "inicjowanie": obcięcie z "double" do "float"
C:\Users\Piotr\6sem\wzr\lab1\wzr26_1a\objects.cpp(78,10): warning C4305: "inicjowanie": obcięcie z "double" do "float"
C:\Users\Piotr\6sem\wzr\lab1\wzr26_1a\objects.cpp(79,11): warning C4244: "inicjowanie": konwersja z "double" do "float", możliwa utrata danych
C:\Users\Piotr\6sem\wzr\lab1\wzr26_1a\objects.cpp(118,75): warning C4305: "=": obcięcie z "double" do "float"
C:\Users\Piotr\6sem\wzr\lab1\wzr26_1a\objects.cpp(119,77): warning C4305: "=": obcięcie z "double" do "float"
C:\Users\Piotr\6sem\wzr\lab1\wzr26_1a\objects.cpp(128,13): warning C4244: "inicjowanie": konwersja z "double" do "float", możliwa utrata danych
C:\Users\Piotr\6sem\wzr\lab1\wzr26_1a\objects.cpp(129,36): warning C4244: "=": konwersja z "double" do "float", możliwa utrata danych
C:\Users\Piotr\6sem\wzr\lab1\wzr26_1a\objects.cpp(131,69): warning C4244: "argument": konwersja z "int" do "float", możliwa utrata danych
C:\Users\Piotr\6sem\wzr\lab1\wzr26_1a\objects.cpp(147,24): warning C4244: "inicjowanie": konwersja z "double" do "float", możliwa utrata danych
C:\Users\Piotr\6sem\wzr\lab1\wzr26_1a\objects.cpp(207,45): warning C4305: "argument": obcięcie z "double" do "float"
C:\Users\Piotr\6sem\wzr\lab1\wzr26_1a\objects.cpp(229,19): warning C4244: "=": konwersja z "double" do "float", możliwa utrata danych
C:\Users\Piotr\6sem\wzr\lab1\wzr26_1a\objects.cpp(255,18): warning C4244: "inicjowanie": konwersja z "double" do "float", możliwa utrata danych
C:\Users\Piotr\6sem\wzr\lab1\wzr26_1a\objects.cpp(316,29): warning C4244: "argument": konwersja z "double" do "GLfloat", możliwa utrata danych
C:\Users\Piotr\6sem\wzr\lab1\wzr26_1a\objects.cpp(324,23): warning C4305: "argument": obcięcie z "double" do "GLfloat"
C:\Users\Piotr\6sem\wzr\lab1\wzr26_1a\objects.cpp(324,17): warning C4305: "argument": obcięcie z "double" do "GLfloat"
C:\Users\Piotr\6sem\wzr\lab1\wzr26_1a\objects.cpp(397,83): warning C4244: "argument": konwersja z "double" do "float", możliwa utrata danych
C:\Users\Piotr\6sem\wzr\lab1\wzr26_1a\objects.cpp(397,31): warning C4244: "argument": konwersja z "double" do "float", możliwa utrata danych
C:\Users\Piotr\6sem\wzr\lab1\wzr26_1a\objects.cpp(430,83): warning C4244: "argument": konwersja z "double" do "float", możliwa utrata danych
C:\Users\Piotr\6sem\wzr\lab1\wzr26_1a\objects.cpp(430,31): warning C4244: "argument": konwersja z "double" do "float", możliwa utrata danych
C:\Users\Piotr\6sem\wzr\lab1\wzr26_1a\objects.cpp(497,13): warning C4996: 'fopen': This function or variable may be unsafe. Consider using fopen_s instead. To disable deprecation, use _CRT_SECURE_NO_WARNINGS. See online help for details.
C:\Users\Piotr\6sem\wzr\lab1\wzr26_1a\objects.cpp(508,4): warning C4996: 'sscanf': This function or variable may be unsafe. Consider using sscanf_s instead. To disable deprecation, use _CRT_SECURE_NO_WARNINGS. See online help for details.
C:\Users\Piotr\6sem\wzr\lab1\wzr26_1a\objects.cpp(519,6): warning C4996: 'sscanf': This function or variable may be unsafe. Consider using sscanf_s instead. To disable deprecation, use _CRT_SECURE_NO_WARNINGS. See online help for details.
C:\Users\Piotr\6sem\wzr\lab1\wzr26_1a\objects.cpp(524,6): warning C4996: 'sscanf': This function or variable may be unsafe. Consider using sscanf_s instead. To disable deprecation, use _CRT_SECURE_NO_WARNINGS. See online help for details.
C:\Users\Piotr\6sem\wzr\lab1\wzr26_1a\objects.cpp(530,6): warning C4996: 'sscanf': This function or variable may be unsafe. Consider using sscanf_s instead. To disable deprecation, use _CRT_SECURE_NO_WARNINGS. See online help for details.
C:\Users\Piotr\6sem\wzr\lab1\wzr26_1a\objects.cpp(543,7): warning C4996: 'sscanf': This function or variable may be unsafe. Consider using sscanf_s instead. To disable deprecation, use _CRT_SECURE_NO_WARNINGS. See online help for details.
  wzr_vis.vcxproj -> C:\Users\Piotr\6sem\wzr\lab1\wzr26_1a\Debug\wzr_vis.exe
